<?xml version="1.0" encoding="UTF-8"?>
<!-- Generated by org.testng.reporters.JUnitXMLReporter -->
<testsuite hostname="DESKTOP-4OK7583" ignored="0" name="Surefire test" tests="1" failures="1" timestamp="2023-02-26T20:42:25 BRT" time="13.247" errors="0">
  <testcase name="runScenario" time="11.488" classname="io.cucumber.testng.AbstractTestNGCucumberTests">
    <failure type="java.lang.AssertionError" message="2023-02-26T20:42:24.753erro_ao_tentar_espero_campo_pesquisa_ficar_visivel">
      <![CDATA[java.lang.AssertionError: 2023-02-26T20:42:24.753erro_ao_tentar_espero_campo_pesquisa_ficar_visivel
at paginas.Metodos.esperarClicavel(Metodos.java:183)
at paginas.Navegacoes.realizarPesquisa(Navegacoes.java:13)
at steps.Testes.realizo_pesquisa_java(Testes.java:29)
at âœ½.realizo pesquisa java(file:///C:/Users/Gabriel/Desktop/PocJavaWeb/src/test/resources/features/01_Google.feature:13)
... Removed 1 stack frames]]>
    </failure>
  </testcase> <!-- runScenario -->
</testsuite> <!-- Surefire test -->
