<?xml version="1.0" encoding="UTF-8"?>
<!-- Generated by org.testng.reporters.JUnitReportReporter -->
<testsuite hostname="DESKTOP-4OK7583" failures="1" tests="1" name="executa.ExecutarIT" time="10.006" errors="0" timestamp="2023-03-14T20:59:19 BRT" skipped="0">
  <testcase classname="executa.ExecutarIT" name="runScenario" time="10.006">
    <failure message="2023-03-14T20:59:18.459495400erro_ao_tentar_espero_campo_pesquisa_ficar_visivel" type="java.lang.AssertionError">
      <![CDATA[java.lang.AssertionError: 2023-03-14T20:59:18.459495400erro_ao_tentar_espero_campo_pesquisa_ficar_visivel
at org.testng.Assert.fail(Assert.java:110)
at gabriel@1.0-SNAPSHOT/paginas.Metodos.esperarClicavel(Metodos.java:176)
at gabriel@1.0-SNAPSHOT/paginas.Navegacoes.realizarPesquisa(Navegacoes.java:13)
at gabriel@1.0-SNAPSHOT/steps.Testes.realizo_pesquisa_java(Testes.java:28)
at âœ½.realizo pesquisa java(file:///C:/Users/Gabriel/Desktop/PocJavaWeb/src/test/resources/features/01_Google.feature:13)
]]>
    </failure>
  </testcase> <!-- runScenario -->
  <system-out/>
</testsuite> <!-- executa.ExecutarIT -->
